<?xml version="1.0" encoding="UTF-8"?>
<!-- Generated by org.testng.reporters.JUnitXMLReporter -->
<testsuite ignored="0" hostname="Kens-MacBook-Pro.local" failures="0" tests="1" name="firefoxTest" time="0.053" errors="0" timestamp="2022-03-01T21:43:14 EST">
  <testcase classname="Day11_TestNG.mutiBrowser" name="@BeforeClass beforeTest" time="0.006">
    <failure type="java.lang.NullPointerException" message="Cannot invoke &amp;quot;org.openqa.selenium.WebDriver.get(String)&amp;quot; because &amp;quot;this.driver&amp;quot; is null">
      <![CDATA[java.lang.NullPointerException: Cannot invoke "org.openqa.selenium.WebDriver.get(String)" because "this.driver" is null
at Day11_TestNG.mutiBrowser.beforeTest(mutiBrowser.java:30)
at java.base/java.util.ArrayList.forEach(ArrayList.java:1511)
... Removed 25 stack frames]]>
    </failure>
  </testcase> <!-- @BeforeClass beforeTest -->
  <testcase classname="Day11_TestNG.mutiBrowser" name="@AfterClass afterTest" time="0.0">
    <skipped/>
  </testcase> <!-- @AfterClass afterTest -->
  <testcase classname="Day11_TestNG.mutiBrowser" name="searchItem" time="0.0">
    <skipped/>
  </testcase> <!-- searchItem -->
</testsuite> <!-- firefoxTest -->
